<?xml version="1.0" encoding="UTF-8"?>
<!-- Generated by org.testng.reporters.JUnitXMLReporter -->
<testsuite hostname="ADMIN" ignored="0" name="Test" tests="6" failures="2" timestamp="16 Sep 2020 20:18:24 GMT" time="21.641" errors="0">
  <testcase name="login" time="8.203" classname="testNGConcept.SurveyMonkeyLogin">
    <failure type="org.openqa.selenium.NoSuchWindowException" message="no such window: target window already closed
from unknown error: web view not found
  (Session info: chrome=85.0.4183.102)
Build info: version: &amp;apos;3.141.59&amp;apos;, revision: &amp;apos;e82be7d358&amp;apos;, time: &amp;apos;2018-11-14T08:17:03&amp;apos;
System info: host: &amp;apos;ADMIN&amp;apos;, ip: &amp;apos;192.168.2.139&amp;apos;, os.name: &amp;apos;Windows 10&amp;apos;, os.arch: &amp;apos;amd64&amp;apos;, os.version: &amp;apos;10.0&amp;apos;, java.version: &amp;apos;1.8.0_261&amp;apos;
Driver info: org.openqa.selenium.chrome.ChromeDriver
Capabilities {acceptInsecureCerts: false, browserName: chrome, browserVersion: 85.0.4183.102, chrome: {chromedriverVersion: 85.0.4183.87 (cd6713ebf92fa..., userDataDir: C:\Users\admin\AppData\Loca...}, goog:chromeOptions: {debuggerAddress: localhost:51033}, javascriptEnabled: true, networkConnectionEnabled: false, pageLoadStrategy: normal, platform: WINDOWS, platformName: WINDOWS, proxy: Proxy(), setWindowRect: true, strictFileInteractability: false, timeouts: {implicit: 0, pageLoad: 300000, script: 30000}, unhandledPromptBehavior: dismiss and notify, webauthn:virtualAuthenticators: true}
Session ID: 7f8b029ab70135b9197c17551b7004f4
*** Element info: {Using=xpath, value=//label[contains(text(),&amp;apos;Enter your username&amp;apos;)]}">
      <![CDATA[org.openqa.selenium.NoSuchWindowException: no such window: target window already closed
from unknown error: web view not found
  (Session info: chrome=85.0.4183.102)
Build info: version: '3.141.59', revision: 'e82be7d358', time: '2018-11-14T08:17:03'
System info: host: 'ADMIN', ip: '192.168.2.139', os.name: 'Windows 10', os.arch: 'amd64', os.version: '10.0', java.version: '1.8.0_261'
Driver info: org.openqa.selenium.chrome.ChromeDriver
Capabilities {acceptInsecureCerts: false, browserName: chrome, browserVersion: 85.0.4183.102, chrome: {chromedriverVersion: 85.0.4183.87 (cd6713ebf92fa..., userDataDir: C:\Users\admin\AppData\Loca...}, goog:chromeOptions: {debuggerAddress: localhost:51033}, javascriptEnabled: true, networkConnectionEnabled: false, pageLoadStrategy: normal, platform: WINDOWS, platformName: WINDOWS, proxy: Proxy(), setWindowRect: true, strictFileInteractability: false, timeouts: {implicit: 0, pageLoad: 300000, script: 30000}, unhandledPromptBehavior: dismiss and notify, webauthn:virtualAuthenticators: true}
Session ID: 7f8b029ab70135b9197c17551b7004f4
*** Element info: {Using=xpath, value=//label[contains(text(),'Enter your username')]}
at org.openqa.selenium.remote.http.W3CHttpResponseCodec.createException(W3CHttpResponseCodec.java:187)
at org.openqa.selenium.remote.http.W3CHttpResponseCodec.decode(W3CHttpResponseCodec.java:122)
at org.openqa.selenium.remote.http.W3CHttpResponseCodec.decode(W3CHttpResponseCodec.java:49)
at org.openqa.selenium.remote.HttpCommandExecutor.execute(HttpCommandExecutor.java:158)
at org.openqa.selenium.remote.service.DriverCommandExecutor.execute(DriverCommandExecutor.java:83)
at org.openqa.selenium.remote.RemoteWebDriver.execute(RemoteWebDriver.java:552)
at org.openqa.selenium.remote.RemoteWebDriver.findElement(RemoteWebDriver.java:323)
at org.openqa.selenium.remote.RemoteWebDriver.findElementByXPath(RemoteWebDriver.java:428)
at org.openqa.selenium.By$ByXPath.findElement(By.java:353)
at org.openqa.selenium.remote.RemoteWebDriver.findElement(RemoteWebDriver.java:315)
at testNGConcept.SurveyMonkeyLogin.login(SurveyMonkeyLogin.java:26)
... Removed 29 stack frames]]>
    </failure>
  </testcase> <!-- login -->
  <testcase name="launchGoogleApplication" time="13.371" classname="testNGConcept.VerifyGoogleApplication">
    <failure type="org.openqa.selenium.SessionNotCreatedException" message="session not created
from chrome not reachable
  (Session info: chrome=85.0.4183.102)
Build info: version: &amp;apos;3.141.59&amp;apos;, revision: &amp;apos;e82be7d358&amp;apos;, time: &amp;apos;2018-11-14T08:17:03&amp;apos;
System info: host: &amp;apos;ADMIN&amp;apos;, ip: &amp;apos;192.168.2.139&amp;apos;, os.name: &amp;apos;Windows 10&amp;apos;, os.arch: &amp;apos;amd64&amp;apos;, os.version: &amp;apos;10.0&amp;apos;, java.version: &amp;apos;1.8.0_261&amp;apos;
Driver info: driver.version: ChromeDriver
remote stacktrace: Backtrace:
	Ordinal0 [0x005CD383+3134339]
	Ordinal0 [0x004BA171+2007409]
	Ordinal0 [0x0035AD90+568720]
	Ordinal0 [0x00351364+529252]
	Ordinal0 [0x003519FC+530940]
	Ordinal0 [0x00352C15+535573]
	Ordinal0 [0x0034DFC5+516037]
	Ordinal0 [0x0035BF70+573296]
	Ordinal0 [0x00301916+203030]
	Ordinal0 [0x00300C1D+199709]
	Ordinal0 [0x002FEB0B+191243]
	Ordinal0 [0x002E2E77+77431]
	Ordinal0 [0x002E3E3E+81470]
	Ordinal0 [0x002E3DC9+81353]
	Ordinal0 [0x004D0CD9+2100441]
	GetHandleVerifier [0x0073B75A+1396954]
	GetHandleVerifier [0x0073B3D9+1396057]
	GetHandleVerifier [0x00747126+1444518]
	GetHandleVerifier [0x0073BCE8+1398376]
	Ordinal0 [0x004C7F51+2064209]
	Ordinal0 [0x004D22EB+2106091]
	Ordinal0 [0x004D2411+2106385]
	Ordinal0 [0x004E49C4+2181572]
	BaseThreadInitThunk [0x76076359+25]
	RtlGetAppContainerNamedObjectPath [0x77937C24+228]
	RtlGetAppContainerNamedObjectPath [0x77937BF4+180]
">
      <![CDATA[org.openqa.selenium.SessionNotCreatedException: session not created
from chrome not reachable
  (Session info: chrome=85.0.4183.102)
Build info: version: '3.141.59', revision: 'e82be7d358', time: '2018-11-14T08:17:03'
System info: host: 'ADMIN', ip: '192.168.2.139', os.name: 'Windows 10', os.arch: 'amd64', os.version: '10.0', java.version: '1.8.0_261'
Driver info: driver.version: ChromeDriver
remote stacktrace: Backtrace:
Ordinal0 [0x005CD383+3134339]
Ordinal0 [0x004BA171+2007409]
Ordinal0 [0x0035AD90+568720]
Ordinal0 [0x00351364+529252]
Ordinal0 [0x003519FC+530940]
Ordinal0 [0x00352C15+535573]
Ordinal0 [0x0034DFC5+516037]
Ordinal0 [0x0035BF70+573296]
Ordinal0 [0x00301916+203030]
Ordinal0 [0x00300C1D+199709]
Ordinal0 [0x002FEB0B+191243]
Ordinal0 [0x002E2E77+77431]
Ordinal0 [0x002E3E3E+81470]
Ordinal0 [0x002E3DC9+81353]
Ordinal0 [0x004D0CD9+2100441]
GetHandleVerifier [0x0073B75A+1396954]
GetHandleVerifier [0x0073B3D9+1396057]
GetHandleVerifier [0x00747126+1444518]
GetHandleVerifier [0x0073BCE8+1398376]
Ordinal0 [0x004C7F51+2064209]
Ordinal0 [0x004D22EB+2106091]
Ordinal0 [0x004D2411+2106385]
Ordinal0 [0x004E49C4+2181572]
BaseThreadInitThunk [0x76076359+25]
RtlGetAppContainerNamedObjectPath [0x77937C24+228]
RtlGetAppContainerNamedObjectPath [0x77937BF4+180]

at org.openqa.selenium.remote.W3CHandshakeResponse.lambda$errorHandler$0(W3CHandshakeResponse.java:62)
at org.openqa.selenium.remote.HandshakeResponse.lambda$getResponseFunction$0(HandshakeResponse.java:30)
at org.openqa.selenium.remote.ProtocolHandshake.lambda$createSession$0(ProtocolHandshake.java:126)
at java.util.stream.ReferencePipeline$3$1.accept(Unknown Source)
at java.util.Spliterators$ArraySpliterator.tryAdvance(Unknown Source)
at java.util.stream.ReferencePipeline.forEachWithCancel(Unknown Source)
at java.util.stream.AbstractPipeline.copyIntoWithCancel(Unknown Source)
at java.util.stream.AbstractPipeline.copyInto(Unknown Source)
at java.util.stream.AbstractPipeline.wrapAndCopyInto(Unknown Source)
at java.util.stream.FindOps$FindOp.evaluateSequential(Unknown Source)
at java.util.stream.AbstractPipeline.evaluate(Unknown Source)
at java.util.stream.ReferencePipeline.findFirst(Unknown Source)
at org.openqa.selenium.remote.ProtocolHandshake.createSession(ProtocolHandshake.java:128)
at org.openqa.selenium.remote.ProtocolHandshake.createSession(ProtocolHandshake.java:74)
at org.openqa.selenium.remote.HttpCommandExecutor.execute(HttpCommandExecutor.java:136)
at org.openqa.selenium.remote.service.DriverCommandExecutor.execute(DriverCommandExecutor.java:83)
at org.openqa.selenium.remote.RemoteWebDriver.execute(RemoteWebDriver.java:552)
at org.openqa.selenium.remote.RemoteWebDriver.startSession(RemoteWebDriver.java:213)
at org.openqa.selenium.remote.RemoteWebDriver.<init>(RemoteWebDriver.java:131)
at org.openqa.selenium.chrome.ChromeDriver.<init>(ChromeDriver.java:181)
at org.openqa.selenium.chrome.ChromeDriver.<init>(ChromeDriver.java:168)
at org.openqa.selenium.chrome.ChromeDriver.<init>(ChromeDriver.java:123)
at testNGConcept.VerifyGoogleApplication.launchGoogleApplication(VerifyGoogleApplication.java:20)
... Removed 29 stack frames]]>
    </failure>
  </testcase> <!-- launchGoogleApplication -->
  <testcase name="displayMessage" time="0.007" classname="testNGConcept.FirstTestNGCode"/>
  <testcase name="displayEmailID" time="0.006" classname="testNGConcept.DisplayPersonalDetails"/>
  <testcase name="displayMobileNo" time="0.002" classname="testNGConcept.DisplayPersonalDetails"/>
  <testcase name="displayName" time="0.002" classname="testNGConcept.DisplayPersonalDetails"/>
</testsuite> <!-- Test -->
