<?xml version="1.0" encoding="UTF-8"?>
<!-- Generated by org.testng.reporters.JUnitReportReporter -->
<testsuite skipped="0" hostname="ADMIN" name="testNGConcept.VerifyGoogleApplication" tests="1" failures="0" timestamp="16 Sep 2020 20:18:24 GMT" time="13.371" errors="1">
  <testcase name="launchGoogleApplication" time="13.371" classname="testNGConcept.VerifyGoogleApplication">
    <error type="org.openqa.selenium.SessionNotCreatedException" message="session not created
from chrome not reachable
  (Session info: chrome=85.0.4183.102)
Build info: version: &#039;3.141.59&#039;, revision: &#039;e82be7d358&#039;, time: &#039;2018-11-14T08:17:03&#039;
System info: host: &#039;ADMIN&#039;, ip: &#039;192.168.2.139&#039;, os.name: &#039;Windows 10&#039;, os.arch: &#039;amd64&#039;, os.version: &#039;10.0&#039;, java.version: &#039;1.8.0_261&#039;
Driver info: driver.version: ChromeDriver
remote stacktrace: Backtrace:
	Ordinal0 [0x005CD383+3134339]
	Ordinal0 [0x004BA171+2007409]
	Ordinal0 [0x0035AD90+568720]
	Ordinal0 [0x00351364+529252]
	Ordinal0 [0x003519FC+530940]
	Ordinal0 [0x00352C15+535573]
	Ordinal0 [0x0034DFC5+516037]
	Ordinal0 [0x0035BF70+573296]
	Ordinal0 [0x00301916+203030]
	Ordinal0 [0x00300C1D+199709]
	Ordinal0 [0x002FEB0B+191243]
	Ordinal0 [0x002E2E77+77431]
	Ordinal0 [0x002E3E3E+81470]
	Ordinal0 [0x002E3DC9+81353]
	Ordinal0 [0x004D0CD9+2100441]
	GetHandleVerifier [0x0073B75A+1396954]
	GetHandleVerifier [0x0073B3D9+1396057]
	GetHandleVerifier [0x00747126+1444518]
	GetHandleVerifier [0x0073BCE8+1398376]
	Ordinal0 [0x004C7F51+2064209]
	Ordinal0 [0x004D22EB+2106091]
	Ordinal0 [0x004D2411+2106385]
	Ordinal0 [0x004E49C4+2181572]
	BaseThreadInitThunk [0x76076359+25]
	RtlGetAppContainerNamedObjectPath [0x77937C24+228]
	RtlGetAppContainerNamedObjectPath [0x77937BF4+180]
">
      <![CDATA[org.openqa.selenium.SessionNotCreatedException: session not created
from chrome not reachable
  (Session info: chrome=85.0.4183.102)
Build info: version: '3.141.59', revision: 'e82be7d358', time: '2018-11-14T08:17:03'
System info: host: 'ADMIN', ip: '192.168.2.139', os.name: 'Windows 10', os.arch: 'amd64', os.version: '10.0', java.version: '1.8.0_261'
Driver info: driver.version: ChromeDriver
remote stacktrace: Backtrace:
Ordinal0 [0x005CD383+3134339]
Ordinal0 [0x004BA171+2007409]
Ordinal0 [0x0035AD90+568720]
Ordinal0 [0x00351364+529252]
Ordinal0 [0x003519FC+530940]
Ordinal0 [0x00352C15+535573]
Ordinal0 [0x0034DFC5+516037]
Ordinal0 [0x0035BF70+573296]
Ordinal0 [0x00301916+203030]
Ordinal0 [0x00300C1D+199709]
Ordinal0 [0x002FEB0B+191243]
Ordinal0 [0x002E2E77+77431]
Ordinal0 [0x002E3E3E+81470]
Ordinal0 [0x002E3DC9+81353]
Ordinal0 [0x004D0CD9+2100441]
GetHandleVerifier [0x0073B75A+1396954]
GetHandleVerifier [0x0073B3D9+1396057]
GetHandleVerifier [0x00747126+1444518]
GetHandleVerifier [0x0073BCE8+1398376]
Ordinal0 [0x004C7F51+2064209]
Ordinal0 [0x004D22EB+2106091]
Ordinal0 [0x004D2411+2106385]
Ordinal0 [0x004E49C4+2181572]
BaseThreadInitThunk [0x76076359+25]
RtlGetAppContainerNamedObjectPath [0x77937C24+228]
RtlGetAppContainerNamedObjectPath [0x77937BF4+180]

at sun.reflect.NativeConstructorAccessorImpl.newInstance0(Native Method)
at sun.reflect.NativeConstructorAccessorImpl.newInstance(Unknown Source)
at sun.reflect.DelegatingConstructorAccessorImpl.newInstance(Unknown Source)
at java.lang.reflect.Constructor.newInstance(Unknown Source)
at org.openqa.selenium.remote.W3CHandshakeResponse.lambda$errorHandler$0(W3CHandshakeResponse.java:62)
at org.openqa.selenium.remote.HandshakeResponse.lambda$getResponseFunction$0(HandshakeResponse.java:30)
at org.openqa.selenium.remote.ProtocolHandshake.lambda$createSession$0(ProtocolHandshake.java:126)
at java.util.stream.ReferencePipeline$3$1.accept(Unknown Source)
at java.util.Spliterators$ArraySpliterator.tryAdvance(Unknown Source)
at java.util.stream.ReferencePipeline.forEachWithCancel(Unknown Source)
at java.util.stream.AbstractPipeline.copyIntoWithCancel(Unknown Source)
at java.util.stream.AbstractPipeline.copyInto(Unknown Source)
at java.util.stream.AbstractPipeline.wrapAndCopyInto(Unknown Source)
at java.util.stream.FindOps$FindOp.evaluateSequential(Unknown Source)
at java.util.stream.AbstractPipeline.evaluate(Unknown Source)
at java.util.stream.ReferencePipeline.findFirst(Unknown Source)
at org.openqa.selenium.remote.ProtocolHandshake.createSession(ProtocolHandshake.java:128)
at org.openqa.selenium.remote.ProtocolHandshake.createSession(ProtocolHandshake.java:74)
at org.openqa.selenium.remote.HttpCommandExecutor.execute(HttpCommandExecutor.java:136)
at org.openqa.selenium.remote.service.DriverCommandExecutor.execute(DriverCommandExecutor.java:83)
at org.openqa.selenium.remote.RemoteWebDriver.execute(RemoteWebDriver.java:552)
at org.openqa.selenium.remote.RemoteWebDriver.startSession(RemoteWebDriver.java:213)
at org.openqa.selenium.remote.RemoteWebDriver.<init>(RemoteWebDriver.java:131)
at org.openqa.selenium.chrome.ChromeDriver.<init>(ChromeDriver.java:181)
at org.openqa.selenium.chrome.ChromeDriver.<init>(ChromeDriver.java:168)
at org.openqa.selenium.chrome.ChromeDriver.<init>(ChromeDriver.java:123)
at testNGConcept.VerifyGoogleApplication.launchGoogleApplication(VerifyGoogleApplication.java:20)
at sun.reflect.NativeMethodAccessorImpl.invoke0(Native Method)
at sun.reflect.NativeMethodAccessorImpl.invoke(Unknown Source)
at sun.reflect.DelegatingMethodAccessorImpl.invoke(Unknown Source)
at java.lang.reflect.Method.invoke(Unknown Source)
at org.testng.internal.MethodInvocationHelper.invokeMethod(MethodInvocationHelper.java:124)
at org.testng.internal.Invoker.invokeMethod(Invoker.java:583)
at org.testng.internal.Invoker.invokeTestMethod(Invoker.java:719)
at org.testng.internal.Invoker.invokeTestMethods(Invoker.java:989)
at org.testng.internal.TestMethodWorker.invokeTestMethods(TestMethodWorker.java:125)
at org.testng.internal.TestMethodWorker.run(TestMethodWorker.java:109)
at org.testng.TestRunner.privateRun(TestRunner.java:648)
at org.testng.TestRunner.run(TestRunner.java:505)
at org.testng.SuiteRunner.runTest(SuiteRunner.java:455)
at org.testng.SuiteRunner.runSequentially(SuiteRunner.java:450)
at org.testng.SuiteRunner.privateRun(SuiteRunner.java:415)
at org.testng.SuiteRunner.run(SuiteRunner.java:364)
at org.testng.SuiteRunnerWorker.runSuite(SuiteRunnerWorker.java:52)
at org.testng.SuiteRunnerWorker.run(SuiteRunnerWorker.java:84)
at org.testng.TestNG.runSuitesSequentially(TestNG.java:1208)
at org.testng.TestNG.runSuitesLocally(TestNG.java:1137)
at org.testng.TestNG.runSuites(TestNG.java:1049)
at org.testng.TestNG.run(TestNG.java:1017)
at org.testng.remote.AbstractRemoteTestNG.run(AbstractRemoteTestNG.java:115)
at org.testng.remote.RemoteTestNG.initAndRun(RemoteTestNG.java:251)
at org.testng.remote.RemoteTestNG.main(RemoteTestNG.java:77)
]]>
    </error>
  </testcase> <!-- launchGoogleApplication -->
</testsuite> <!-- testNGConcept.VerifyGoogleApplication -->
